mic   _utils.py          INFO     Log file created
mic   _utils.py          INFO     OS: {'name': 'Linux', 'data': {'version': '#1 SMP Fri May 8 23:03:06 UTC 2020', 'release': '5.4.39-linuxkit', 'platform': 'Linux-5.4.39-linuxkit-x86_64-with-glibc2.10'}}
mic   _utils.py          INFO     MIC Version: 1.3.7
mic   _utils.py          INFO     <=================>
mic   _utils.py          INFO     Command: {'name': 'start', 'command_parameters': {'name': {'value': 'swatplus_test_002', 'type': 'str'}, 'image': {'value': 'dhardestylewis/swatplus_docker:develop', 'type': 'str'}}}
mic   initialization.py  INFO     When creating base dir found base directory already exists: /Users/taccstaff/SWAT/swatplus_cwl/swatplus_predocker/data/TxtInOut_CoonCreek_aqu/mic
mic   initialization.py  INFO     MIC has initialized the component
mic   _utils.py          INFO     Log file created
mic   _utils.py          INFO     OS: {'name': 'Linux', 'data': {'version': '#1 SMP Fri May 8 23:03:06 UTC 2020', 'release': '5.4.39-linuxkit', 'platform': 'Linux-5.4.39-linuxkit-x86_64-with-glibc2.10'}}
mic   _utils.py          INFO     MIC Version: 1.3.7
mic   _utils.py          INFO     <=================>
mic   _utils.py          INFO     Command: {'name': 'start', 'command_parameters': {'name': {'value': 'swatplus_test_002', 'type': 'str'}, 'image': {'value': '0db5a192e7b2', 'type': 'str'}}}
mic   initialization.py  DEBUG    OS name: linux
mic   docker.py          INFO     Downloading and building base docker image
mic   config_yaml.py     DEBUG    Writing to spec: {'file': '/Users/taccstaff/SWAT/swatplus_cwl/swatplus_predocker/data/TxtInOut_CoonCreek_aqu/mic/mic.yaml', 'data': {'key': 'name', 'value': 'swatplus_test_002'}}
mic   config_yaml.py     DEBUG    Writing to spec: {'file': '/Users/taccstaff/SWAT/swatplus_cwl/swatplus_predocker/data/TxtInOut_CoonCreek_aqu/mic/mic.yaml', 'data': {'key': 'docker_image', 'value': 'swatplus_test_002:latest'}}
mic   config_yaml.py     DEBUG    Writing to spec: {'file': '/Users/taccstaff/SWAT/swatplus_cwl/swatplus_predocker/data/TxtInOut_CoonCreek_aqu/mic/mic.yaml', 'data': {'key': 'framework', 'value': <Framework.GENERIC: ('general', 'mintproject/generic:latest')>}}
mic   config_yaml.py     DEBUG    Writing to spec: {'file': '/Users/taccstaff/SWAT/swatplus_cwl/swatplus_predocker/data/TxtInOut_CoonCreek_aqu/mic/mic.yaml', 'data': {'key': 'container_name', 'value': 'swatplus_test_002_f12439df'}}
mic   commands.py        INFO     start done
mic   initialization.py  INFO     When creating base dir found base directory already exists: /Users/taccstaff/SWAT/swatplus_cwl/swatplus_predocker/data/TxtInOut_CoonCreek_aqu/mic
mic   initialization.py  INFO     MIC has initialized the component
mic   _utils.py          INFO     Log file created
mic   _utils.py          INFO     OS: {'name': 'Linux', 'data': {'version': '#1 SMP Fri May 8 23:03:06 UTC 2020', 'release': '5.4.39-linuxkit', 'platform': 'Linux-5.4.39-linuxkit-x86_64-with-glibc2.10'}}
mic   _utils.py          INFO     MIC Version: 1.3.7
mic   _utils.py          INFO     <=================>
mic   _utils.py          INFO     Command: {'name': 'start', 'command_parameters': {'name': {'value': 'swatplus_test_002', 'type': 'str'}, 'image': {'value': 'dhardestylewis/swatplus_docker:develop', 'type': 'str'}}}
mic   initialization.py  DEBUG    OS name: linux
mic   docker.py          INFO     Downloading and building base docker image
mic   config_yaml.py     DEBUG    Writing to spec: {'file': '/Users/taccstaff/SWAT/swatplus_cwl/swatplus_predocker/data/TxtInOut_CoonCreek_aqu/mic/mic.yaml', 'data': {'key': 'name', 'value': 'swatplus_test_002'}}
mic   config_yaml.py     DEBUG    Writing to spec: {'file': '/Users/taccstaff/SWAT/swatplus_cwl/swatplus_predocker/data/TxtInOut_CoonCreek_aqu/mic/mic.yaml', 'data': {'key': 'docker_image', 'value': 'swatplus_test_002:latest'}}
mic   config_yaml.py     DEBUG    Writing to spec: {'file': '/Users/taccstaff/SWAT/swatplus_cwl/swatplus_predocker/data/TxtInOut_CoonCreek_aqu/mic/mic.yaml', 'data': {'key': 'framework', 'value': <Framework.GENERIC: ('general', 'mintproject/generic:latest')>}}
mic   config_yaml.py     DEBUG    Writing to spec: {'file': '/Users/taccstaff/SWAT/swatplus_cwl/swatplus_predocker/data/TxtInOut_CoonCreek_aqu/mic/mic.yaml', 'data': {'key': 'container_name', 'value': 'swatplus_test_002_04dd8e94'}}
mic   commands.py        INFO     start done
mic   initialization.py  INFO     When creating base dir found base directory already exists: /Users/taccstaff/SWAT/swatplus_cwl/swatplus_predocker/data/TxtInOut_CoonCreek_aqu/mic
mic   initialization.py  INFO     MIC has initialized the component
mic   _utils.py          INFO     Log file created
mic   _utils.py          INFO     OS: {'name': 'Linux', 'data': {'version': '#1 SMP Fri May 8 23:03:06 UTC 2020', 'release': '5.4.39-linuxkit', 'platform': 'Linux-5.4.39-linuxkit-x86_64-with-glibc2.10'}}
mic   _utils.py          INFO     MIC Version: 1.3.7
mic   _utils.py          INFO     <=================>
mic   _utils.py          INFO     Command: {'name': 'start', 'command_parameters': {'name': {'value': 'swatplus_test_002', 'type': 'str'}, 'image': {'value': '0db5a192e7b2', 'type': 'str'}}}
mic   initialization.py  DEBUG    OS name: linux
mic   docker.py          INFO     Downloading and building base docker image
mic   config_yaml.py     DEBUG    Writing to spec: {'file': '/Users/taccstaff/SWAT/swatplus_cwl/swatplus_predocker/data/TxtInOut_CoonCreek_aqu/mic/mic.yaml', 'data': {'key': 'name', 'value': 'swatplus_test_002'}}
mic   config_yaml.py     DEBUG    Writing to spec: {'file': '/Users/taccstaff/SWAT/swatplus_cwl/swatplus_predocker/data/TxtInOut_CoonCreek_aqu/mic/mic.yaml', 'data': {'key': 'docker_image', 'value': 'swatplus_test_002:latest'}}
mic   config_yaml.py     DEBUG    Writing to spec: {'file': '/Users/taccstaff/SWAT/swatplus_cwl/swatplus_predocker/data/TxtInOut_CoonCreek_aqu/mic/mic.yaml', 'data': {'key': 'framework', 'value': <Framework.GENERIC: ('general', 'mintproject/generic:latest')>}}
mic   config_yaml.py     DEBUG    Writing to spec: {'file': '/Users/taccstaff/SWAT/swatplus_cwl/swatplus_predocker/data/TxtInOut_CoonCreek_aqu/mic/mic.yaml', 'data': {'key': 'container_name', 'value': 'swatplus_test_002_00eabcf2'}}
mic   commands.py        INFO     start done
mic   initialization.py  INFO     When creating base dir found base directory already exists: /Users/taccstaff/SWAT/swatplus_cwl/swatplus_predocker/data/TxtInOut_CoonCreek_aqu/mic
mic   initialization.py  INFO     MIC has initialized the component
mic   _utils.py          INFO     Log file created
mic   _utils.py          INFO     OS: {'name': 'Linux', 'data': {'version': '#1 SMP Fri May 8 23:03:06 UTC 2020', 'release': '5.4.39-linuxkit', 'platform': 'Linux-5.4.39-linuxkit-x86_64-with-glibc2.10'}}
mic   _utils.py          INFO     MIC Version: 1.3.7
mic   _utils.py          INFO     <=================>
mic   _utils.py          INFO     Command: {'name': 'start', 'command_parameters': {'name': {'value': 'swatplus_test_001', 'type': 'str'}, 'image': {'value': 'dhardestylewis/swatplus_docker:develop', 'type': 'str'}}}
mic   initialization.py  DEBUG    OS name: linux
mic   docker.py          INFO     Downloading and building base docker image
mic   config_yaml.py     DEBUG    Writing to spec: {'file': '/Users/taccstaff/SWAT/swatplus_cwl/swatplus_predocker/data/TxtInOut_CoonCreek_aqu/mic/mic.yaml', 'data': {'key': 'name', 'value': 'swatplus_test_001'}}
mic   config_yaml.py     DEBUG    Writing to spec: {'file': '/Users/taccstaff/SWAT/swatplus_cwl/swatplus_predocker/data/TxtInOut_CoonCreek_aqu/mic/mic.yaml', 'data': {'key': 'docker_image', 'value': 'swatplus_test_001:latest'}}
mic   config_yaml.py     DEBUG    Writing to spec: {'file': '/Users/taccstaff/SWAT/swatplus_cwl/swatplus_predocker/data/TxtInOut_CoonCreek_aqu/mic/mic.yaml', 'data': {'key': 'framework', 'value': <Framework.GENERIC: ('general', 'mintproject/generic:latest')>}}
mic   config_yaml.py     DEBUG    Writing to spec: {'file': '/Users/taccstaff/SWAT/swatplus_cwl/swatplus_predocker/data/TxtInOut_CoonCreek_aqu/mic/mic.yaml', 'data': {'key': 'container_name', 'value': 'swatplus_test_001_cc372e20'}}
mic   commands.py        INFO     start done
mic   initialization.py  DEBUG    OS name: linux
mic   docker.py          INFO     Downloading and building base docker image
mic   config_yaml.py     DEBUG    Writing to spec: {'file': 'mic/mic.yaml', 'data': {'key': 'name', 'value': 'swatplus_test_002'}}
mic   config_yaml.py     DEBUG    Writing to spec: {'file': 'mic/mic.yaml', 'data': {'key': 'docker_image', 'value': 'swatplus_test_002:latest'}}
mic   config_yaml.py     DEBUG    Writing to spec: {'file': 'mic/mic.yaml', 'data': {'key': 'framework', 'value': <Framework.GENERIC: ('general', 'mintproject/generic:latest')>}}
mic   config_yaml.py     DEBUG    Writing to spec: {'file': 'mic/mic.yaml', 'data': {'key': 'container_name', 'value': 'swatplus_test_002_77a8b0d8'}}
mic   _utils.py          INFO     <=================>
mic   _utils.py          INFO     Command: {'name': 'upload', 'command_parameters': {'mic_file': {'value': '/tmp/mint/mic/mic.yaml', 'type': 'str'}, 'profile': {'value': 'default', 'type': 'str'}, 'model_configuration': {'value': True, 'type': 'bool'}, 'data_transformation': {'value': None, 'type': 'NoneType'}}}
mic   github.py          INFO     Creating the git repository
mic   github.py          INFO     Compressing code
mic   github.py          INFO     Creating a new commit
mic   commands.py        ERROR    Upload failed: Profile doesn't exists
Traceback (most recent call last):
  File "/opt/conda/lib/python3.8/site-packages/mic/click_encapsulate/commands.py", line 687, in upload
    push(mic_config_path.parent, mic_config_path, name, profile)
  File "/opt/conda/lib/python3.8/site-packages/mic/publisher/github.py", line 35, in push
    url = check_create_remote_repo(repo, profile, repository_name)
  File "/opt/conda/lib/python3.8/site-packages/mic/publisher/github.py", line 126, in check_create_remote_repo
    repo_github = github_create_repo(profile, model_name)
  File "/opt/conda/lib/python3.8/site-packages/mic/publisher/github.py", line 255, in github_create_repo
    git_token, git_username = github_config(profile)
  File "/opt/conda/lib/python3.8/site-packages/mic/publisher/github.py", line 295, in github_config
    credentials = get_credentials(profile)
  File "/opt/conda/lib/python3.8/site-packages/mic/credentials.py", line 22, in get_credentials
    raise ValueError("Profile doesn't exists")
ValueError: Profile doesn't exists
mic   _utils.py          INFO     <=================>
mic   _utils.py          INFO     Command: {'name': 'upload', 'command_parameters': {'mic_file': {'value': '/tmp/mint/mic/mic.yaml', 'type': 'str'}, 'profile': {'value': 'default', 'type': 'str'}, 'model_configuration': {'value': True, 'type': 'bool'}, 'data_transformation': {'value': None, 'type': 'NoneType'}}}
mic   github.py          INFO     Creating the git repository
mic   github.py          INFO     Compressing code
mic   github.py          INFO     Creating a new commit
mic   config_yaml.py     DEBUG    Writing to spec: {'file': '/tmp/mint/mic/mic.yaml', 'data': {'key': 'github_repo_url', 'value': 'https://github.com/dhardestylewis/swatplus_test_002.git'}}
mic   github.py          INFO     Creating a new version
mic   github.py          DEBUG    New version: 21.1.1
mic   github.py          INFO     Pushing changes to the server
mic   config_yaml.py     DEBUG    Writing to spec: {'file': '/tmp/mint/mic/mic.yaml', 'data': {'key': 'version', 'value': '21.1.1'}}
mic   config_yaml.py     DEBUG    Writing to spec: {'file': '/tmp/mint/mic/mic.yaml', 'data': {'key': 'mint_component_url', 'value': 'https://raw.githubusercontent.com/dhardestylewis/swatplus_test_002/master/mint_component.zip'}}
mic   github.py          INFO     Push complete: {'repository': 'https://github.com/dhardestylewis/swatplus_test_002.git', 'version': '21.1.1'}
mic   docker.py          INFO     Publish docker image
mic   config_yaml.py     DEBUG    Writing to spec: {'file': '/tmp/mint/mic/mic.yaml', 'data': {'key': 'docker_image', 'value': 'dhardestylewis/swatplus_test_002:21.1.1'}}
mic   commands.py        ERROR    Upload failed: 
Traceback (most recent call last):
  File "/opt/conda/lib/python3.8/site-packages/click/termui.py", line 200, in confirm
    value = visible_prompt_func("").lower().strip()
KeyboardInterrupt

During handling of the above exception, another exception occurred:

Traceback (most recent call last):
  File "/opt/conda/lib/python3.8/site-packages/mic/click_encapsulate/commands.py", line 691, in upload
    api_response_model, api_response_mc, model_id, software_version_id = publish_model_configuration(
  File "/opt/conda/lib/python3.8/site-packages/mic/publisher/model_catalog.py", line 103, in publish_model_configuration
    if click.confirm("Do you want to use an existing model?", default=True):
  File "/opt/conda/lib/python3.8/site-packages/click/termui.py", line 202, in confirm
    raise Abort()
click.exceptions.Abort
mic   _utils.py          INFO     <=================>
mic   _utils.py          INFO     Command: {'name': 'upload', 'command_parameters': {'mic_file': {'value': '/tmp/mint/mic/mic.yaml', 'type': 'str'}, 'profile': {'value': 'default', 'type': 'str'}, 'model_configuration': {'value': True, 'type': 'bool'}, 'data_transformation': {'value': None, 'type': 'NoneType'}}}
mic   github.py          INFO     Creating the git repository
mic   github.py          INFO     Compressing code
mic   github.py          INFO     Creating a new commit
mic   config_yaml.py     DEBUG    Writing to spec: {'file': '/tmp/mint/mic/mic.yaml', 'data': {'key': 'github_repo_url', 'value': 'https://github.com/dhardestylewis/swatplus_test_002.git'}}
mic   github.py          INFO     Creating a new version
mic   github.py          DEBUG    New version: 21.1.2
mic   github.py          INFO     Pushing changes to the server
mic   config_yaml.py     DEBUG    Writing to spec: {'file': '/tmp/mint/mic/mic.yaml', 'data': {'key': 'version', 'value': '21.1.2'}}
mic   config_yaml.py     DEBUG    Writing to spec: {'file': '/tmp/mint/mic/mic.yaml', 'data': {'key': 'mint_component_url', 'value': 'https://raw.githubusercontent.com/dhardestylewis/swatplus_test_002/master/mint_component.zip'}}
mic   github.py          INFO     Push complete: {'repository': 'https://github.com/dhardestylewis/swatplus_test_002.git', 'version': '21.1.2'}
mic   docker.py          INFO     Publish docker image
mic   config_yaml.py     DEBUG    Writing to spec: {'file': '/tmp/mint/mic/mic.yaml', 'data': {'key': 'docker_image', 'value': 'dhardestylewis/swatplus_test_002:21.1.2'}}
mic   commands.py        INFO     upload done
mic   _utils.py          INFO     <=================>
mic   _utils.py          INFO     Command: {'name': 'upload', 'command_parameters': {'mic_file': {'value': '/tmp/mint/mic/mic.yaml', 'type': 'str'}, 'profile': {'value': 'default', 'type': 'str'}, 'model_configuration': {'value': True, 'type': 'bool'}, 'data_transformation': {'value': None, 'type': 'NoneType'}}}
mic   github.py          INFO     Creating the git repository
mic   github.py          INFO     Compressing code
mic   github.py          INFO     Creating a new commit
